Using pre-set license
Built from '2022.3/staging' branch; Version is '2022.3.22f1 (887be4894c44) revision 8944612'; Using compiler version '192829333'; Build Type 'Release'
OS: 'Windows 10  (10.0.19045) 64bit Core' Language: 'en' Physical Memory: 16250 MB
BatchMode: 1, IsHumanControllingUs: 0, StartBugReporterOnCrash: 0, Is64bit: 1, IsPro: 1

COMMAND LINE ARGUMENTS:
C:\Program Files\Unity\Hub\Editor\2022.3.22f1\Editor\Unity.exe
-adb2
-batchMode
-noUpm
-name
AssetImportWorker3
-projectPath
C:/Users/nsung/My project (4)
-logFile
Logs/AssetImportWorker3.log
-srvPort
54463
Successfully changed project path to: C:/Users/nsung/My project (4)
C:/Users/nsung/My project (4)
[UnityMemory] Configuration Parameters - Can be set up in boot.config
    "memorysetup-bucket-allocator-granularity=16"
    "memorysetup-bucket-allocator-bucket-count=8"
    "memorysetup-bucket-allocator-block-size=33554432"
    "memorysetup-bucket-allocator-block-count=8"
    "memorysetup-main-allocator-block-size=16777216"
    "memorysetup-thread-allocator-block-size=16777216"
    "memorysetup-gfx-main-allocator-block-size=16777216"
    "memorysetup-gfx-thread-allocator-block-size=16777216"
    "memorysetup-cache-allocator-block-size=4194304"
    "memorysetup-typetree-allocator-block-size=2097152"
    "memorysetup-profiler-bucket-allocator-granularity=16"
    "memorysetup-profiler-bucket-allocator-bucket-count=8"
    "memorysetup-profiler-bucket-allocator-block-size=33554432"
    "memorysetup-profiler-bucket-allocator-block-count=8"
    "memorysetup-profiler-allocator-block-size=16777216"
    "memorysetup-profiler-editor-allocator-block-size=1048576"
    "memorysetup-temp-allocator-size-main=16777216"
    "memorysetup-job-temp-allocator-block-size=2097152"
    "memorysetup-job-temp-allocator-block-size-background=1048576"
    "memorysetup-job-temp-allocator-reduction-small-platforms=262144"
    "memorysetup-allocator-temp-initial-block-size-main=262144"
    "memorysetup-allocator-temp-initial-block-size-worker=262144"
    "memorysetup-temp-allocator-size-background-worker=32768"
    "memorysetup-temp-allocator-size-job-worker=262144"
    "memorysetup-temp-allocator-size-preload-manager=33554432"
    "memorysetup-temp-allocator-size-nav-mesh-worker=65536"
    "memorysetup-temp-allocator-size-audio-worker=65536"
    "memorysetup-temp-allocator-size-cloud-worker=32768"
    "memorysetup-temp-allocator-size-gi-baking-worker=262144"
    "memorysetup-temp-allocator-size-gfx=262144"
Player connection [5996] Host "[IP] 192.168.1.57 [Port] 0 [Flags] 2 [Guid] 3453203714 [EditorId] 3453203714 [Version] 1048832 [Id] WindowsEditor(7,DESKTOP-85UCC07) [Debug] 1 [PackageName] WindowsEditor [ProjectName] Editor" joined multi-casting on [225.0.0.222:54997]...

Player connection [5996] Host "[IP] 192.168.1.57 [Port] 0 [Flags] 2 [Guid] 3453203714 [EditorId] 3453203714 [Version] 1048832 [Id] WindowsEditor(7,DESKTOP-85UCC07) [Debug] 1 [PackageName] WindowsEditor [ProjectName] Editor" joined alternative multi-casting on [225.0.0.222:34997]...

[Physics::Module] Initialized MultithreadedJobDispatcher with 15 workers.
Refreshing native plugins compatible for Editor in 7.20 ms, found 3 plugins.
Preloading 0 native plugins for Editor in 0.00 ms.
Initialize engine version: 2022.3.22f1 (887be4894c44)
[Subsystems] Discovering subsystems at path C:/Program Files/Unity/Hub/Editor/2022.3.22f1/Editor/Data/Resources/UnitySubsystems
[Subsystems] Discovering subsystems at path C:/Users/nsung/My project (4)/Assets
GfxDevice: creating device client; threaded=0; jobified=0
Direct3D:
    Version:  Direct3D 11.0 [level 11.1]
    Renderer: NVIDIA GeForce RTX 2060 (ID=0x1f08)
    Vendor:   NVIDIA
    VRAM:     5955 MB
    Driver:   31.0.15.5222
Initialize mono
Mono path[0] = 'C:/Program Files/Unity/Hub/Editor/2022.3.22f1/Editor/Data/Managed'
Mono path[1] = 'C:/Program Files/Unity/Hub/Editor/2022.3.22f1/Editor/Data/MonoBleedingEdge/lib/mono/unityjit-win32'
Mono config path = 'C:/Program Files/Unity/Hub/Editor/2022.3.22f1/Editor/Data/MonoBleedingEdge/etc'
Using monoOptions --debugger-agent=transport=dt_socket,embedding=1,server=y,suspend=n,address=127.0.0.1:56804
Begin MonoManager ReloadAssembly
Registering precompiled unity dll's ...
Register platform support module: C:/Program Files/Unity/Hub/Editor/2022.3.22f1/Editor/Data/PlaybackEngines/WebGLSupport/UnityEditor.WebGL.Extensions.dll
Register platform support module: C:/Program Files/Unity/Hub/Editor/2022.3.22f1/Editor/Data/PlaybackEngines/WindowsStandaloneSupport/UnityEditor.WindowsStandalone.Extensions.dll
Registered in 0.008930 seconds.
- Loaded All Assemblies, in  0.384 seconds
Native extension for WindowsStandalone target not found
Native extension for WebGL target not found
Mono: successfully reloaded assembly
- Finished resetting the current domain, in  0.283 seconds
Domain Reload Profiling: 665ms
	BeginReloadAssembly (123ms)
		ExecutionOrderSort (0ms)
		DisableScriptedObjects (0ms)
		BackupInstance (0ms)
		ReleaseScriptingObjects (0ms)
		CreateAndSetChildDomain (1ms)
	RebuildCommonClasses (34ms)
	RebuildNativeTypeToScriptingClass (11ms)
	initialDomainReloadingComplete (59ms)
	LoadAllAssembliesAndSetupDomain (154ms)
		LoadAssemblies (121ms)
		RebuildTransferFunctionScriptingTraits (0ms)
		AnalyzeDomain (153ms)
			TypeCache.Refresh (151ms)
				TypeCache.ScanAssembly (137ms)
			ScanForSourceGeneratedMonoScriptInfo (0ms)
			ResolveRequiredComponents (0ms)
	FinalizeReload (283ms)
		ReleaseScriptCaches (0ms)
		RebuildScriptCaches (0ms)
		SetupLoadedEditorAssemblies (223ms)
			LogAssemblyErrors (0ms)
			InitializePlatformSupportModulesInManaged (10ms)
			SetLoadedEditorAssemblies (5ms)
			RefreshPlugins (0ms)
			BeforeProcessingInitializeOnLoad (2ms)
			ProcessInitializeOnLoadAttributes (161ms)
			ProcessInitializeOnLoadMethodAttributes (46ms)
			AfterProcessingInitializeOnLoad (0ms)
			EditorAssembliesLoaded (0ms)
		ExecutionOrderSort2 (0ms)
		AwakeInstancesAfterBackupRestoration (0ms)
========================================================================
Worker process is ready to serve import requests
Begin MonoManager ReloadAssembly
- Loaded All Assemblies, in  0.738 seconds
Refreshing native plugins compatible for Editor in 2.76 ms, found 3 plugins.
Native extension for WindowsStandalone target not found
Native extension for WebGL target not found
Package Manager log level set to [2]
[Package Manager] Server::EnsureServerProcessIsRunning -- launch failed, reason: Unity was launched with the -noUpm command-line argument
[Package Manager] UpmClient::Send -- Unable to send message (not connected to UPM process).
[Package Manager] Cannot connect to Unity Package Manager local server
Mono: successfully reloaded assembly
- Finished resetting the current domain, in  0.599 seconds
Domain Reload Profiling: 1335ms
	BeginReloadAssembly (172ms)
		ExecutionOrderSort (0ms)
		DisableScriptedObjects (5ms)
		BackupInstance (0ms)
		ReleaseScriptingObjects (0ms)
		CreateAndSetChildDomain (24ms)
	RebuildCommonClasses (38ms)
	RebuildNativeTypeToScriptingClass (11ms)
	initialDomainReloadingComplete (41ms)
	LoadAllAssembliesAndSetupDomain (474ms)
		LoadAssemblies (379ms)
		RebuildTransferFunctionScriptingTraits (0ms)
		AnalyzeDomain (205ms)
			TypeCache.Refresh (182ms)
				TypeCache.ScanAssembly (148ms)
			ScanForSourceGeneratedMonoScriptInfo (15ms)
			ResolveRequiredComponents (5ms)
	FinalizeReload (600ms)
		ReleaseScriptCaches (0ms)
		RebuildScriptCaches (0ms)
		SetupLoadedEditorAssemblies (450ms)
			LogAssemblyErrors (0ms)
			InitializePlatformSupportModulesInManaged (8ms)
			SetLoadedEditorAssemblies (3ms)
			RefreshPlugins (0ms)
			BeforeProcessingInitializeOnLoad (59ms)
			ProcessInitializeOnLoadAttributes (355ms)
			ProcessInitializeOnLoadMethodAttributes (18ms)
			AfterProcessingInitializeOnLoad (7ms)
			EditorAssembliesLoaded (0ms)
		ExecutionOrderSort2 (0ms)
		AwakeInstancesAfterBackupRestoration (8ms)
Launched and connected shader compiler UnityShaderCompiler.exe after 0.04 seconds
Refreshing native plugins compatible for Editor in 3.11 ms, found 3 plugins.
Preloading 0 native plugins for Editor in 0.00 ms.
Unloading 3105 Unused Serialized files (Serialized files now loaded: 0)
Unloading 32 unused Assets / (57.1 KB). Loaded Objects now: 3585.
Memory consumption went from 156.3 MB to 156.2 MB.
Total: 4.156600 ms (FindLiveObjects: 0.370400 ms CreateObjectMapping: 0.304400 ms MarkObjects: 3.248700 ms  DeleteObjects: 0.231700 ms)

AssetImportParameters requested are different than current active one (requested -> active):
  custom:container-demuxer-ogg: 62fdf1f143b41e24485cea50d1cbac27 -> 
  custom:video-decoder-ogg-theora: a1e56fd34408186e4bbccfd4996cb3dc -> 
  custom:framework-win-MediaFoundation: 216162199b28c13a410421893ffa2e32 -> 
  custom:CustomObjectIndexerAttribute: 9a22284fe3817be447336de3de66b15e -> 
  custom:container-demuxer-webm: 4f35f7cbe854078d1ac9338744f61a02 -> 
  custom:container-muxer-webm: aa71ff27fc2769a1b78a27578f13a17b -> 
  custom:video-decoder-webm-vp8: 9c59270c3fd7afecdb556c50c9e8de78 -> 
  custom:SearchIndexIgnoredProperties: e643bd26f0fe6173181afceb89e7c659 -> 
  custom:AudioImporter_EditorPlatform: d09bf68614088b80899f8185d706f6e7 -> 
  custom:video-encoder-webm-vp8: eb34c28f22e8b96e1ab97ce403110664 -> 
  custom:audio-decoder-ogg-vorbis: bf7c407c2cedff20999df2af8eb42d56 -> 
  custom:audio-encoder-webm-vorbis: bf7c407c2cedff20999df2af8eb42d56 -> 
========================================================================
Received Import Request.
  Time since last request: 171293.413339 seconds.
  path: Assets/UTD15/15tennis-00060-texture.png
  artifactKey: Guid(1a200069705518a409622173f5f352ea) Importer(815301076,1909f56bfc062723c751e8b465ee728b)
Start importing Assets/UTD15/15tennis-00060-texture.png using Guid(1a200069705518a409622173f5f352ea) Importer(815301076,1909f56bfc062723c751e8b465ee728b)  -> (artifact id: '50e4b6e39a969f7536f111914dd21200') in 0.060100 seconds
Number of updated asset objects reloaded before import = 0
Number of asset objects unloaded after import = 2
========================================================================
Received Import Request.
  Time since last request: 0.000030 seconds.
  path: Assets/UTD15/15tennis-00053-texture.png
  artifactKey: Guid(9e98f46f31a6d114da707f370b72f4a8) Importer(815301076,1909f56bfc062723c751e8b465ee728b)
Start importing Assets/UTD15/15tennis-00053-texture.png using Guid(9e98f46f31a6d114da707f370b72f4a8) Importer(815301076,1909f56bfc062723c751e8b465ee728b)  -> (artifact id: 'f5a846029d7a2b18858533318ec374a2') in 0.012440 seconds
Number of updated asset objects reloaded before import = 0
Number of asset objects unloaded after import = 2
========================================================================
Received Import Request.
  Time since last request: 0.000023 seconds.
  path: Assets/UTD15/15tennis-00024-texture.png
  artifactKey: Guid(901f86d84a98b094dbbbf69b469b320f) Importer(815301076,1909f56bfc062723c751e8b465ee728b)
Start importing Assets/UTD15/15tennis-00024-texture.png using Guid(901f86d84a98b094dbbbf69b469b320f) Importer(815301076,1909f56bfc062723c751e8b465ee728b)  -> (artifact id: '8ed45af33cd107dfe972a06f551dc8a6') in 0.009632 seconds
Number of updated asset objects reloaded before import = 0
Number of asset objects unloaded after import = 2
========================================================================
Received Import Request.
  Time since last request: 0.000020 seconds.
  path: Assets/UTD15/15tennis-00059-texture.png
  artifactKey: Guid(dc6399daca040c143b910c619ba40dae) Importer(815301076,1909f56bfc062723c751e8b465ee728b)
Start importing Assets/UTD15/15tennis-00059-texture.png using Guid(dc6399daca040c143b910c619ba40dae) Importer(815301076,1909f56bfc062723c751e8b465ee728b)  -> (artifact id: '338ac8bf0c1548935a311841ad353560') in 0.014167 seconds
Number of updated asset objects reloaded before import = 0
Number of asset objects unloaded after import = 2
========================================================================
Received Import Request.
  Time since last request: 0.000019 seconds.
  path: Assets/UTD15/15tennis-00003-texture.png
  artifactKey: Guid(455595b35d66b144dad136c842a7037f) Importer(815301076,1909f56bfc062723c751e8b465ee728b)
Start importing Assets/UTD15/15tennis-00003-texture.png using Guid(455595b35d66b144dad136c842a7037f) Importer(815301076,1909f56bfc062723c751e8b465ee728b)  -> (artifact id: 'afa23a7c59ca1de2d2c219a983db05d1') in 0.016196 seconds
Number of updated asset objects reloaded before import = 0
Number of asset objects unloaded after import = 2
========================================================================
Received Import Request.
  Time since last request: 0.000019 seconds.
  path: Assets/UTD15/15tennis-00057-texture.png
  artifactKey: Guid(0b0936bf9950d7a44bd32518e4c66ee3) Importer(815301076,1909f56bfc062723c751e8b465ee728b)
Start importing Assets/UTD15/15tennis-00057-texture.png using Guid(0b0936bf9950d7a44bd32518e4c66ee3) Importer(815301076,1909f56bfc062723c751e8b465ee728b)  -> (artifact id: '95ef0a3590c35cd0053fb1cce6822fbb') in 0.010990 seconds
Number of updated asset objects reloaded before import = 0
Number of asset objects unloaded after import = 2
========================================================================
Received Import Request.
  Time since last request: 0.000018 seconds.
  path: Assets/UTD2/2bsbcall-00046-texture.png
  artifactKey: Guid(052cd8d9bcb13af4288961cea513d9a4) Importer(815301076,1909f56bfc062723c751e8b465ee728b)
Start importing Assets/UTD2/2bsbcall-00046-texture.png using Guid(052cd8d9bcb13af4288961cea513d9a4) Importer(815301076,1909f56bfc062723c751e8b465ee728b)  -> (artifact id: '25c61c4dd7de7a914281ea3fd9bf5185') in 0.013176 seconds
Number of updated asset objects reloaded before import = 0
Number of asset objects unloaded after import = 2
========================================================================
Received Import Request.
  Time since last request: 0.000019 seconds.
  path: Assets/UTD15/15tennis-00076-texture.png
  artifactKey: Guid(f9b2567ffa9e41c4f86357eea8ff1f72) Importer(815301076,1909f56bfc062723c751e8b465ee728b)
Start importing Assets/UTD15/15tennis-00076-texture.png using Guid(f9b2567ffa9e41c4f86357eea8ff1f72) Importer(815301076,1909f56bfc062723c751e8b465ee728b)  -> (artifact id: 'f0537cddea200e60d1f6f36c38eef9e9') in 0.010274 seconds
Number of updated asset objects reloaded before import = 0
Number of asset objects unloaded after import = 2
========================================================================
Received Import Request.
  Time since last request: 0.000022 seconds.
  path: Assets/UTD15/15tennis-00083-texture.png
  artifactKey: Guid(3d12e410dfee6034f978c73ce0d09c44) Importer(815301076,1909f56bfc062723c751e8b465ee728b)
Start importing Assets/UTD15/15tennis-00083-texture.png using Guid(3d12e410dfee6034f978c73ce0d09c44) Importer(815301076,1909f56bfc062723c751e8b465ee728b)  -> (artifact id: '9751fa8601de192b2698f11b2467b56f') in 0.013573 seconds
Number of updated asset objects reloaded before import = 0
Number of asset objects unloaded after import = 2
========================================================================
Received Import Request.
  Time since last request: 0.000031 seconds.
  path: Assets/UTD2/2bsbcall-00035-texture.png
  artifactKey: Guid(20838d95435ebf2499f3ccc95354d8d2) Importer(815301076,1909f56bfc062723c751e8b465ee728b)
Start importing Assets/UTD2/2bsbcall-00035-texture.png using Guid(20838d95435ebf2499f3ccc95354d8d2) Importer(815301076,1909f56bfc062723c751e8b465ee728b)  -> (artifact id: '5d290d64450bc2667236de0005a5250c') in 0.012076 seconds
Number of updated asset objects reloaded before import = 0
Number of asset objects unloaded after import = 2
========================================================================
Received Import Request.
  Time since last request: 0.000027 seconds.
  path: Assets/UTD15/15tennis-00062-texture.png
  artifactKey: Guid(7d935f49cad0a5b41977a2cff7aeb276) Importer(815301076,1909f56bfc062723c751e8b465ee728b)
Start importing Assets/UTD15/15tennis-00062-texture.png using Guid(7d935f49cad0a5b41977a2cff7aeb276) Importer(815301076,1909f56bfc062723c751e8b465ee728b)  -> (artifact id: '2fb660462b37c41acb1499c0e2435ee1') in 0.014634 seconds
Number of updated asset objects reloaded before import = 0
Number of asset objects unloaded after import = 2
========================================================================
Received Import Request.
  Time since last request: 0.000026 seconds.
  path: Assets/UTD2/2bsbcall-00019-texture.png
  artifactKey: Guid(e9296a821604a4745a1700794c878376) Importer(815301076,1909f56bfc062723c751e8b465ee728b)
Start importing Assets/UTD2/2bsbcall-00019-texture.png using Guid(e9296a821604a4745a1700794c878376) Importer(815301076,1909f56bfc062723c751e8b465ee728b)  -> (artifact id: '01fa1ee0a09b239bf6302199be5e775e') in 0.011027 seconds
Number of updated asset objects reloaded before import = 0
Number of asset objects unloaded after import = 2
========================================================================
Received Import Request.
  Time since last request: 0.000027 seconds.
  path: Assets/UTD15/15tennis-00020-texture.png
  artifactKey: Guid(b8af894bbb1cf9940906e93bda23b108) Importer(815301076,1909f56bfc062723c751e8b465ee728b)
Start importing Assets/UTD15/15tennis-00020-texture.png using Guid(b8af894bbb1cf9940906e93bda23b108) Importer(815301076,1909f56bfc062723c751e8b465ee728b)  -> (artifact id: '8c5538d6effffd311b4df5158dc7a485') in 0.010843 seconds
Number of updated asset objects reloaded before import = 0
Number of asset objects unloaded after import = 2
========================================================================
Received Import Request.
  Time since last request: 0.000014 seconds.
  path: Assets/UTD2/2bsbcall-00003-texture.png
  artifactKey: Guid(d6957f834a178c44ba16ddff16ee29a8) Importer(815301076,1909f56bfc062723c751e8b465ee728b)
Start importing Assets/UTD2/2bsbcall-00003-texture.png using Guid(d6957f834a178c44ba16ddff16ee29a8) Importer(815301076,1909f56bfc062723c751e8b465ee728b)  -> (artifact id: 'ec77e57c5307db99f9b7f144b12d3ae4') in 0.011457 seconds
Number of updated asset objects reloaded before import = 0
Number of asset objects unloaded after import = 2
========================================================================
Received Import Request.
  Time since last request: 0.000018 seconds.
  path: Assets/UTD2/2bsbcall-00078-texture.png
  artifactKey: Guid(da1d164e33de6204b88645c1e4b73b7b) Importer(815301076,1909f56bfc062723c751e8b465ee728b)
Start importing Assets/UTD2/2bsbcall-00078-texture.png using Guid(da1d164e33de6204b88645c1e4b73b7b) Importer(815301076,1909f56bfc062723c751e8b465ee728b)  -> (artifact id: '0990365cfb48acf6f8c7fb5751eb3d78') in 0.013422 seconds
Number of updated asset objects reloaded before import = 0
Number of asset objects unloaded after import = 2
========================================================================
Received Import Request.
  Time since last request: 0.000022 seconds.
  path: Assets/UTD2/2bsbcall-00020-texture.png
  artifactKey: Guid(7aa8b540edab3d542b4393f26552638f) Importer(815301076,1909f56bfc062723c751e8b465ee728b)
Start importing Assets/UTD2/2bsbcall-00020-texture.png using Guid(7aa8b540edab3d542b4393f26552638f) Importer(815301076,1909f56bfc062723c751e8b465ee728b)  -> (artifact id: 'ee16f361a1a08ba42588961cb580c0d7') in 0.010457 seconds
Number of updated asset objects reloaded before import = 0
Number of asset objects unloaded after import = 2
========================================================================
Received Import Request.
  Time since last request: 0.000023 seconds.
  path: Assets/UTD15/15tennis-00019-texture.png
  artifactKey: Guid(121fd74da3008d044802e6d1841478b4) Importer(815301076,1909f56bfc062723c751e8b465ee728b)
Start importing Assets/UTD15/15tennis-00019-texture.png using Guid(121fd74da3008d044802e6d1841478b4) Importer(815301076,1909f56bfc062723c751e8b465ee728b)  -> (artifact id: '9a2216978728c10b1885f157b6cc4972') in 0.012393 seconds
Number of updated asset objects reloaded before import = 0
Number of asset objects unloaded after import = 2
========================================================================
Received Import Request.
  Time since last request: 0.000020 seconds.
  path: Assets/UTD2/2bsbcall-00038-texture.png
  artifactKey: Guid(18ba491dcf652014bbf1204cb3ba4acf) Importer(815301076,1909f56bfc062723c751e8b465ee728b)
Start importing Assets/UTD2/2bsbcall-00038-texture.png using Guid(18ba491dcf652014bbf1204cb3ba4acf) Importer(815301076,1909f56bfc062723c751e8b465ee728b)  -> (artifact id: 'e4cc286e973b6a02ae2ec79247e6b869') in 0.011233 seconds
Number of updated asset objects reloaded before import = 0
Number of asset objects unloaded after import = 2
========================================================================
Received Import Request.
  Time since last request: 0.000027 seconds.
  path: Assets/UTD15/15tennis-00022-texture.png
  artifactKey: Guid(94c23a8063204514c8d740396b363c87) Importer(815301076,1909f56bfc062723c751e8b465ee728b)
Start importing Assets/UTD15/15tennis-00022-texture.png using Guid(94c23a8063204514c8d740396b363c87) Importer(815301076,1909f56bfc062723c751e8b465ee728b)  -> (artifact id: 'a3f00c769cb83eca5af32b0f57430984') in 0.012216 seconds
Number of updated asset objects reloaded before import = 0
Number of asset objects unloaded after import = 2
========================================================================
Received Import Request.
  Time since last request: 0.000041 seconds.
  path: Assets/UTD2/2bsbcall-00037-texture.png
  artifactKey: Guid(6024d9c2c6310414dac8874ddca20dc1) Importer(815301076,1909f56bfc062723c751e8b465ee728b)
Start importing Assets/UTD2/2bsbcall-00037-texture.png using Guid(6024d9c2c6310414dac8874ddca20dc1) Importer(815301076,1909f56bfc062723c751e8b465ee728b)  -> (artifact id: 'fc120c725d4dfc79ee3e4a21b5c50bda') in 0.013771 seconds
Number of updated asset objects reloaded before import = 0
Number of asset objects unloaded after import = 2
========================================================================
Received Import Request.
  Time since last request: 0.000014 seconds.
  path: Assets/UTD15/15tennis-00081-texture.png
  artifactKey: Guid(0e3e9921863d9ff4f9ebee824384f699) Importer(815301076,1909f56bfc062723c751e8b465ee728b)
Start importing Assets/UTD15/15tennis-00081-texture.png using Guid(0e3e9921863d9ff4f9ebee824384f699) Importer(815301076,1909f56bfc062723c751e8b465ee728b)  -> (artifact id: '60e5120f949e4d84bd9f9251961bf2f7') in 0.013057 seconds
Number of updated asset objects reloaded before import = 0
Number of asset objects unloaded after import = 2
========================================================================
Received Import Request.
  Time since last request: 0.000040 seconds.
  path: Assets/UTD15/15tennis-00037-texture.png
  artifactKey: Guid(a24748ba78a484e4c89854b5891d6015) Importer(815301076,1909f56bfc062723c751e8b465ee728b)
Start importing Assets/UTD15/15tennis-00037-texture.png using Guid(a24748ba78a484e4c89854b5891d6015) Importer(815301076,1909f56bfc062723c751e8b465ee728b)  -> (artifact id: '3e412724e27be9209595e48dbe4df360') in 0.012949 seconds
Number of updated asset objects reloaded before import = 0
Number of asset objects unloaded after import = 2
========================================================================
Received Import Request.
  Time since last request: 0.000022 seconds.
  path: Assets/UTD15/15tennis-00031-texture.png
  artifactKey: Guid(003578951a635b44ab1cb8f9512e48fa) Importer(815301076,1909f56bfc062723c751e8b465ee728b)
Start importing Assets/UTD15/15tennis-00031-texture.png using Guid(003578951a635b44ab1cb8f9512e48fa) Importer(815301076,1909f56bfc062723c751e8b465ee728b)  -> (artifact id: '07536bbc1769fef83c9f576ac9522cba') in 0.014138 seconds
Number of updated asset objects reloaded before import = 0
Number of asset objects unloaded after import = 2
========================================================================
Received Import Request.
  Time since last request: 0.000017 seconds.
  path: Assets/UTD15/15tennis-00039-texture.png
  artifactKey: Guid(c246ce5f4d0387946a2ba9636c4afd55) Importer(815301076,1909f56bfc062723c751e8b465ee728b)
Start importing Assets/UTD15/15tennis-00039-texture.png using Guid(c246ce5f4d0387946a2ba9636c4afd55) Importer(815301076,1909f56bfc062723c751e8b465ee728b)  -> (artifact id: '1171ba797401ce3ce2c081ea877905c8') in 0.011499 seconds
Number of updated asset objects reloaded before import = 0
Number of asset objects unloaded after import = 2
========================================================================
Received Import Request.
  Time since last request: 0.000019 seconds.
  path: Assets/UTD2/2bsbcall-00025-texture.png
  artifactKey: Guid(56d056a058ee8d1439e42cf96c7fd73c) Importer(815301076,1909f56bfc062723c751e8b465ee728b)
Start importing Assets/UTD2/2bsbcall-00025-texture.png using Guid(56d056a058ee8d1439e42cf96c7fd73c) Importer(815301076,1909f56bfc062723c751e8b465ee728b)  -> (artifact id: '12a8219e86f1ba9e2d2365b84da0aebc') in 0.012721 seconds
Number of updated asset objects reloaded before import = 0
Number of asset objects unloaded after import = 2
========================================================================
Received Import Request.
  Time since last request: 0.000020 seconds.
  path: Assets/UTD2/2bsbcall-00064-texture.png
  artifactKey: Guid(1c2e4245c7e697d4ba577bae8bd0e059) Importer(815301076,1909f56bfc062723c751e8b465ee728b)
Start importing Assets/UTD2/2bsbcall-00064-texture.png using Guid(1c2e4245c7e697d4ba577bae8bd0e059) Importer(815301076,1909f56bfc062723c751e8b465ee728b)  -> (artifact id: '45d9b14d09e4d945ae104be0ab28a5e6') in 0.010980 seconds
Number of updated asset objects reloaded before import = 0
Number of asset objects unloaded after import = 2
========================================================================
Received Import Request.
  Time since last request: 0.000020 seconds.
  path: Assets/UTD2/2bsbcall-00033-texture.png
  artifactKey: Guid(4d220824d5c17454e9f7b8eed55325fc) Importer(815301076,1909f56bfc062723c751e8b465ee728b)
Start importing Assets/UTD2/2bsbcall-00033-texture.png using Guid(4d220824d5c17454e9f7b8eed55325fc) Importer(815301076,1909f56bfc062723c751e8b465ee728b)  -> (artifact id: '71e167deb8013617eb64689e379d6194') in 0.010794 seconds
Number of updated asset objects reloaded before import = 0
Number of asset objects unloaded after import = 2
========================================================================
Received Import Request.
  Time since last request: 0.000031 seconds.
  path: Assets/UTD15/15tennis-00046-texture.png
  artifactKey: Guid(02ffd94c71817a34fb079fcd280f4fc6) Importer(815301076,1909f56bfc062723c751e8b465ee728b)
Start importing Assets/UTD15/15tennis-00046-texture.png using Guid(02ffd94c71817a34fb079fcd280f4fc6) Importer(815301076,1909f56bfc062723c751e8b465ee728b)  -> (artifact id: 'd9baef9941173d5a5af2a686b8e3a14f') in 0.012039 seconds
Number of updated asset objects reloaded before import = 0
Number of asset objects unloaded after import = 2
========================================================================
Received Import Request.
  Time since last request: 0.000017 seconds.
  path: Assets/UTD15/15tennis-00004-texture.png
  artifactKey: Guid(aa0f1bc0aeb6346458b4e0fb29276ba6) Importer(815301076,1909f56bfc062723c751e8b465ee728b)
Start importing Assets/UTD15/15tennis-00004-texture.png using Guid(aa0f1bc0aeb6346458b4e0fb29276ba6) Importer(815301076,1909f56bfc062723c751e8b465ee728b)  -> (artifact id: 'c875d43b4b24b94a2829fca86f83b4ac') in 0.011241 seconds
Number of updated asset objects reloaded before import = 0
Number of asset objects unloaded after import = 2
========================================================================
Received Import Request.
  Time since last request: 0.000013 seconds.
  path: Assets/UTD2/2bsbcall-00030-texture.png
  artifactKey: Guid(c501cde4dfec63f4a9d408d1fd63d103) Importer(815301076,1909f56bfc062723c751e8b465ee728b)
Start importing Assets/UTD2/2bsbcall-00030-texture.png using Guid(c501cde4dfec63f4a9d408d1fd63d103) Importer(815301076,1909f56bfc062723c751e8b465ee728b)  -> (artifact id: '8e9a88feeb6d5dd4e23afb7e9bbfc506') in 0.009940 seconds
Number of updated asset objects reloaded before import = 0
Number of asset objects unloaded after import = 2
========================================================================
Received Import Request.
  Time since last request: 0.000020 seconds.
  path: Assets/UTD2/2bsbcall-00055-texture.png
  artifactKey: Guid(ec1e8973adb2f2e43b0b3d56aa8d1621) Importer(815301076,1909f56bfc062723c751e8b465ee728b)
Start importing Assets/UTD2/2bsbcall-00055-texture.png using Guid(ec1e8973adb2f2e43b0b3d56aa8d1621) Importer(815301076,1909f56bfc062723c751e8b465ee728b)  -> (artifact id: '8065d910b6d4a593f628a35635ed48d9') in 0.010622 seconds
Number of updated asset objects reloaded before import = 0
Number of asset objects unloaded after import = 2
========================================================================
Received Import Request.
  Time since last request: 0.000016 seconds.
  path: Assets/UTD2/2bsbcall-00071-texture.png
  artifactKey: Guid(534ac6e8f0d304d48b0e35b8db792c9f) Importer(815301076,1909f56bfc062723c751e8b465ee728b)
Start importing Assets/UTD2/2bsbcall-00071-texture.png using Guid(534ac6e8f0d304d48b0e35b8db792c9f) Importer(815301076,1909f56bfc062723c751e8b465ee728b)  -> (artifact id: 'd9d9f9b31b80f6054083be6e59ce50e1') in 0.010702 seconds
Number of updated asset objects reloaded before import = 0
Number of asset objects unloaded after import = 2
========================================================================
Received Import Request.
  Time since last request: 0.000017 seconds.
  path: Assets/UTD15/15tennis-00074-texture.png
  artifactKey: Guid(f5d9b903731d19a41af18f95c9b42d88) Importer(815301076,1909f56bfc062723c751e8b465ee728b)
Start importing Assets/UTD15/15tennis-00074-texture.png using Guid(f5d9b903731d19a41af18f95c9b42d88) Importer(815301076,1909f56bfc062723c751e8b465ee728b)  -> (artifact id: '21aa689f5e12d5fd41c89ad2edc1290e') in 0.011178 seconds
Number of updated asset objects reloaded before import = 0
Number of asset objects unloaded after import = 2
========================================================================
Received Import Request.
  Time since last request: 0.000018 seconds.
  path: Assets/UTD15/15tennis-00078-texture.png
  artifactKey: Guid(0bc75da0a1cc64f40bf39809b5feafd5) Importer(815301076,1909f56bfc062723c751e8b465ee728b)
Start importing Assets/UTD15/15tennis-00078-texture.png using Guid(0bc75da0a1cc64f40bf39809b5feafd5) Importer(815301076,1909f56bfc062723c751e8b465ee728b)  -> (artifact id: 'c5c9a53d606599f6bce7d8105d33c62b') in 0.012245 seconds
Number of updated asset objects reloaded before import = 0
Number of asset objects unloaded after import = 2
========================================================================
Received Import Request.
  Time since last request: 0.000050 seconds.
  path: Assets/UTD2/2bsbcall-00014-texture.png
  artifactKey: Guid(26e00276f9f01514ea07cb986ce6a80e) Importer(815301076,1909f56bfc062723c751e8b465ee728b)
Start importing Assets/UTD2/2bsbcall-00014-texture.png using Guid(26e00276f9f01514ea07cb986ce6a80e) Importer(815301076,1909f56bfc062723c751e8b465ee728b)  -> (artifact id: 'c1ad6396fecb3d3cecc80ef6e8be1f22') in 0.011452 seconds
Number of updated asset objects reloaded before import = 0
Number of asset objects unloaded after import = 2
========================================================================
Received Import Request.
  Time since last request: 0.000019 seconds.
  path: Assets/UTD15/15tennis-00047-texture.png
  artifactKey: Guid(98334e8008e82d0458d108d873e697b6) Importer(815301076,1909f56bfc062723c751e8b465ee728b)
Start importing Assets/UTD15/15tennis-00047-texture.png using Guid(98334e8008e82d0458d108d873e697b6) Importer(815301076,1909f56bfc062723c751e8b465ee728b)  -> (artifact id: '7499b7cbf4e600d42ff2ed84492aa09f') in 0.013566 seconds
Number of updated asset objects reloaded before import = 0
Number of asset objects unloaded after import = 2
========================================================================
Received Import Request.
  Time since last request: 0.000023 seconds.
  path: Assets/UTD2/2bsbcall-00032-texture.png
  artifactKey: Guid(37e135fb37c024c4ea3616ce6f266347) Importer(815301076,1909f56bfc062723c751e8b465ee728b)
Start importing Assets/UTD2/2bsbcall-00032-texture.png using Guid(37e135fb37c024c4ea3616ce6f266347) Importer(815301076,1909f56bfc062723c751e8b465ee728b)  -> (artifact id: '97f9cd68164321cce69a51392a150bb8') in 0.011200 seconds
Number of updated asset objects reloaded before import = 0
Number of asset objects unloaded after import = 2
========================================================================
Received Import Request.
  Time since last request: 0.000040 seconds.
  path: Assets/UTD15/15tennis-00044-texture.png
  artifactKey: Guid(7131e4480cfd5834e9623efaa4c9ac5d) Importer(815301076,1909f56bfc062723c751e8b465ee728b)
Start importing Assets/UTD15/15tennis-00044-texture.png using Guid(7131e4480cfd5834e9623efaa4c9ac5d) Importer(815301076,1909f56bfc062723c751e8b465ee728b)  -> (artifact id: '4ae58d462a2b45c327f3c9f1bf1c2d22') in 0.011572 seconds
Number of updated asset objects reloaded before import = 0
Number of asset objects unloaded after import = 2
========================================================================
Received Import Request.
  Time since last request: 0.000019 seconds.
  path: Assets/UTD15/15tennis-00052-texture.png
  artifactKey: Guid(f41e054abdd61e140ac46bd6a6b8e332) Importer(815301076,1909f56bfc062723c751e8b465ee728b)
Start importing Assets/UTD15/15tennis-00052-texture.png using Guid(f41e054abdd61e140ac46bd6a6b8e332) Importer(815301076,1909f56bfc062723c751e8b465ee728b)  -> (artifact id: 'ad835e0c8dc380747121860ec9f49694') in 0.011768 seconds
Number of updated asset objects reloaded before import = 0
Number of asset objects unloaded after import = 2
========================================================================
Received Import Request.
  Time since last request: 0.000029 seconds.
  path: Assets/UTD15/15tennis-00080-texture.png
  artifactKey: Guid(7d46783e30d953e46af35791c6254ddb) Importer(815301076,1909f56bfc062723c751e8b465ee728b)
Start importing Assets/UTD15/15tennis-00080-texture.png using Guid(7d46783e30d953e46af35791c6254ddb) Importer(815301076,1909f56bfc062723c751e8b465ee728b)  -> (artifact id: '63800c1db2ea5be34188992a92a7ec93') in 0.012223 seconds
Number of updated asset objects reloaded before import = 0
Number of asset objects unloaded after import = 2
========================================================================
Received Import Request.
  Time since last request: 0.000015 seconds.
  path: Assets/UTD15/15tennis-00034-texture.png
  artifactKey: Guid(07b849245899df041bb57ddda660920f) Importer(815301076,1909f56bfc062723c751e8b465ee728b)
Start importing Assets/UTD15/15tennis-00034-texture.png using Guid(07b849245899df041bb57ddda660920f) Importer(815301076,1909f56bfc062723c751e8b465ee728b)  -> (artifact id: 'e0ec524b925c6d1aeaec71dfbe9a7a45') in 0.011074 seconds
Number of updated asset objects reloaded before import = 0
Number of asset objects unloaded after import = 2
========================================================================
Received Import Request.
  Time since last request: 0.000019 seconds.
  path: Assets/UTD15/15tennis-00023-texture.png
  artifactKey: Guid(b73651f17f83bda439a66fbd3383433a) Importer(815301076,1909f56bfc062723c751e8b465ee728b)
Start importing Assets/UTD15/15tennis-00023-texture.png using Guid(b73651f17f83bda439a66fbd3383433a) Importer(815301076,1909f56bfc062723c751e8b465ee728b)  -> (artifact id: '8f6af11d024ed594c52bf29f6b173bd5') in 0.012821 seconds
Number of updated asset objects reloaded before import = 0
Number of asset objects unloaded after import = 2
========================================================================
Received Import Request.
  Time since last request: 0.000024 seconds.
  path: Assets/UTD2/2bsbcall-00065-texture.png
  artifactKey: Guid(5894c8f3bed95434baf8de8433cd8dea) Importer(815301076,1909f56bfc062723c751e8b465ee728b)
Start importing Assets/UTD2/2bsbcall-00065-texture.png using Guid(5894c8f3bed95434baf8de8433cd8dea) Importer(815301076,1909f56bfc062723c751e8b465ee728b)  -> (artifact id: '68408334ee2d1a0dd46ae736deb0cfe7') in 0.013780 seconds
Number of updated asset objects reloaded before import = 0
Number of asset objects unloaded after import = 2
========================================================================
Received Import Request.
  Time since last request: 0.000021 seconds.
  path: Assets/UTD15/15tennis-00071-texture.png
  artifactKey: Guid(2d8723103bd9daf4db18809c409cfadc) Importer(815301076,1909f56bfc062723c751e8b465ee728b)
Start importing Assets/UTD15/15tennis-00071-texture.png using Guid(2d8723103bd9daf4db18809c409cfadc) Importer(815301076,1909f56bfc062723c751e8b465ee728b)  -> (artifact id: '21a745c606e97694219f38c199fad1c8') in 0.010761 seconds
Number of updated asset objects reloaded before import = 0
Number of asset objects unloaded after import = 2
Editor requested this worker to shutdown with reason: Scaling down because of idle timeout
TcpMessagingSession - receive error: operation aborted. errorcode: 995, details: The I/O operation has been aborted because of either a thread exit or an application request.
AssetImportWorker is now disconnected from the server
Process exiting
Exiting without the bug reporter. Application will terminate with return code 0